2024-08-15 11:28:46 warn: Login failed for email: monicaginja@hotmail.com, reason: Password incorrect
2024-08-15 11:29:29 warn: Login failed for email: simonfranklin80@gmail.com, reason: Password incorrect
2024-08-15 11:34:52 info: User logged in: simonfranklin80@gmail.com
2024-08-15 19:28:05 warn: Login failed for email: simonfranklin80@gmail.com, reason: Password incorrect
2024-08-15 19:32:59 info: User logged in: simon.franklin@smf.com
2024-08-16 13:51:52 info: User logged in: simon.franklin@smf.com
2024-08-16 14:51:41 info: User logged in: simon.franklin@smf.com
2024-08-16 15:59:20 warn: Login failed for email: simon.franklin@smf.com, reason: Password incorrect
2024-08-16 16:08:16 info: User logged in: simon.franklin@smf.com
2024-08-16 16:11:03 warn: Login failed for email: simonfranklin80@gmail.com, reason: Password incorrect
2024-08-16 16:12:02 info: User logged in: simon.franklin@smf.com
2024-08-16 16:16:15 info: User logged in: simon.franklin@smf.com
2024-08-16 16:55:24 info: User logged in: simon.franklin@smf.com
2024-08-16 16:56:11 info: User logged in: simon.franklin@smf.com
2024-08-16 16:56:44 info: User logged in: simon.franklin@smf.com
2024-08-16 16:58:23 info: User logged in: simon.franklin@smf.com
2024-08-16 17:13:22 info: User logged in: simon.franklin@smf.com
2024-08-16 17:13:23 info: User logged in: simonfranklin80@hotmail.com
2024-08-16 17:20:11 info: User logged in: simon.franklin@smf.com
2024-08-16 17:22:19 info: User logged in: simonfranklin80@hotmail.com
2024-08-16 17:22:25 info: User logged in: simon.franklin@smf.com
2024-08-16 17:24:24 info: User logged in: simonfranklin80@hotmail.com
2024-08-16 17:26:06 info: User logged in: simon.franklin@smf.com
